-------------------------------------------------------------------------------
Test set: controller.UserControllerTest
-------------------------------------------------------------------------------
Tests run: 3, Failures: 2, Errors: 1, Skipped: 0, Time elapsed: 0.791 s <<< FAILURE! - in controller.UserControllerTest
signupWithRepeatedEmail(controller.UserControllerTest)  Time elapsed: 0.244 s  <<< FAILURE!
java.lang.AssertionError: Status expected:<409> but was:<404>
	at controller.UserControllerTest.signupWithRepeatedEmail(UserControllerTest.java:40)

signoutWithNonExistingAccessToken(controller.UserControllerTest)  Time elapsed: 0.215 s  <<< ERROR!
org.springframework.web.util.NestedServletException: Request processing failed; nested exception is org.springframework.dao.InvalidDataAccessApiUsageException: No query defined for that name [userAuthTokenByAccessToken]; nested exception is java.lang.IllegalArgumentException: No query defined for that name [userAuthTokenByAccessToken]
	at controller.UserControllerTest.signoutWithNonExistingAccessToken(UserControllerTest.java:48)
Caused by: org.springframework.dao.InvalidDataAccessApiUsageException: No query defined for that name [userAuthTokenByAccessToken]; nested exception is java.lang.IllegalArgumentException: No query defined for that name [userAuthTokenByAccessToken]
	at controller.UserControllerTest.signoutWithNonExistingAccessToken(UserControllerTest.java:48)
Caused by: java.lang.IllegalArgumentException: No query defined for that name [userAuthTokenByAccessToken]
	at controller.UserControllerTest.signoutWithNonExistingAccessToken(UserControllerTest.java:48)

signupWithRepeatedUserName(controller.UserControllerTest)  Time elapsed: 0.32 s  <<< FAILURE!
java.lang.AssertionError: Status expected:<409> but was:<404>
	at controller.UserControllerTest.signupWithRepeatedUserName(UserControllerTest.java:32)

